<?xml version="1.0" encoding="UTF-8"?>
<!-- Generated by org.testng.reporters.JUnitXMLReporter -->
<testsuite hostname="LAPTOP-PHPM7G7V" name="Test2" tests="9" failures="0" timestamp="10 Oct 2021 11:34:27 GMT" time="137.745" errors="0">
  <testcase name="tc01" time="15.713" classname="demoRegisterDataProvider.LoginTC"/>
  <testcase name="tc01" time="16.154" classname="demoRegisterDataProvider.LoginTC"/>
  <testcase name="tc01" time="11.332" classname="demoRegisterDataProvider.LoginTC"/>
  <testcase name="tc01" time="10.835" classname="demoRegisterDataProvider.LoginTC"/>
  <testcase name="tc01" time="16.555" classname="demoRegisterDataProvider.LoginTC"/>
  <testcase name="tc01" time="16.347" classname="demoRegisterDataProvider.LoginTC"/>
  <testcase name="tc01" time="13.818" classname="demoRegisterDataProvider.LoginTC"/>
  <testcase name="tc01" time="26.225" classname="demoRegisterDataProvider.LoginTC"/>
  <testcase name="tc01" time="9.501" classname="demoRegisterDataProvider.LoginTC"/>
</testsuite> <!-- Test2 -->
