<?xml version="1.0" encoding="UTF-8"?>
<!-- Generated by org.testng.reporters.JUnitXMLReporter -->
<testsuite hostname="LAPTOP-PHPM7G7V" name="Test" tests="19" failures="1" timestamp="8 Oct 2021 16:22:06 GMT" time="256.597" errors="0">
  <testcase name="tc01" time="22.056" classname="demoRegisterDataProvider.RegisterTC"/>
  <testcase name="tc01" time="12.192" classname="demoRegisterDataProvider.RegisterTC"/>
  <testcase name="tc01" time="16.672" classname="demoRegisterDataProvider.RegisterTC"/>
  <testcase name="tc01" time="11.922" classname="demoRegisterDataProvider.RegisterTC"/>
  <testcase name="tc01" time="12.185" classname="demoRegisterDataProvider.RegisterTC"/>
  <testcase name="tc01" time="12.834" classname="demoRegisterDataProvider.RegisterTC"/>
  <testcase name="tc01" time="16.296" classname="demoRegisterDataProvider.RegisterTC"/>
  <testcase name="tc01" time="14.388" classname="demoRegisterDataProvider.RegisterTC"/>
  <testcase name="tc01" time="13.042" classname="demoRegisterDataProvider.RegisterTC"/>
  <testcase name="tc01Home" time="0.005" classname="demoRegisterDataProvider.HomeTC">
    <failure type="java.lang.NullPointerException">
      <![CDATA[java.lang.NullPointerException
	at org.openqa.selenium.support.pagefactory.DefaultElementLocator.findElement(DefaultElementLocator.java:69)
	at org.openqa.selenium.support.pagefactory.internal.LocatingElementHandler.invoke(LocatingElementHandler.java:38)
	at com.sun.proxy.$Proxy8.click(Unknown Source)
	at UtilityFunctions.Utility_Method.clickaction(Utility_Method.java:35)
	at demoRegisterDataProvider.WorkingOnHmePageDemoWebShop.register(WorkingOnHmePageDemoWebShop.java:23)
	at demoRegisterDataProvider.HomeTC.tc01Home(HomeTC.java:12)
... Removed 25 stack frames]]>
    </failure>
  </testcase> <!-- tc01Home -->
  <testcase name="tc01" time="10.412" classname="demoRegisterDataProvider.LoginTC"/>
  <testcase name="tc01" time="13.065" classname="demoRegisterDataProvider.LoginTC"/>
  <testcase name="tc01" time="15.674" classname="demoRegisterDataProvider.LoginTC"/>
  <testcase name="tc01" time="27.144" classname="demoRegisterDataProvider.LoginTC"/>
  <testcase name="tc01" time="11.383" classname="demoRegisterDataProvider.LoginTC"/>
  <testcase name="tc01" time="12.224" classname="demoRegisterDataProvider.LoginTC"/>
  <testcase name="tc01" time="12.016" classname="demoRegisterDataProvider.LoginTC"/>
  <testcase name="tc01" time="10.12" classname="demoRegisterDataProvider.LoginTC"/>
  <testcase name="tc01" time="12.035" classname="demoRegisterDataProvider.LoginTC"/>
</testsuite> <!-- Test -->
