<?xml version="1.0" encoding="UTF-8"?>
<!-- Generated by org.testng.reporters.JUnitXMLReporter -->
<testsuite hostname="LAPTOP-PHPM7G7V" name="Default test" tests="9" failures="0" timestamp="11 Oct 2021 04:21:50 GMT" time="63.538" errors="0">
  <testcase name="tc01" time="7.352" classname="demoWebShopTestCase.RegisterTC"/>
  <testcase name="tc01" time="6.575" classname="demoWebShopTestCase.RegisterTC"/>
  <testcase name="tc01" time="6.608" classname="demoWebShopTestCase.RegisterTC"/>
  <testcase name="tc01" time="7.027" classname="demoWebShopTestCase.RegisterTC"/>
  <testcase name="tc01" time="7.439" classname="demoWebShopTestCase.RegisterTC"/>
  <testcase name="tc01" time="7.379" classname="demoWebShopTestCase.RegisterTC"/>
  <testcase name="tc01" time="6.834" classname="demoWebShopTestCase.RegisterTC"/>
  <testcase name="tc01" time="6.458" classname="demoWebShopTestCase.RegisterTC"/>
  <testcase name="tc01" time="7.124" classname="demoWebShopTestCase.RegisterTC"/>
</testsuite> <!-- Default test -->
